#
# There is insufficient memory for the Java Runtime Environment to continue.
# Native memory allocation (malloc) failed to allocate 2248240 bytes for Chunk::new
# Possible reasons:
#   The system is out of physical RAM or swap space
#   The process is running with CompressedOops enabled, and the Java Heap may be blocking the growth of the native heap
# Possible solutions:
#   Reduce memory load on the system
#   Increase physical memory or swap space
#   Check if swap backing store is full
#   Decrease Java heap size (-Xmx/-Xms)
#   Decrease number of Java threads
#   Decrease Java thread stack sizes (-Xss)
#   Set larger code cache with -XX:ReservedCodeCacheSize=
#   JVM is running with Zero Based Compressed Oops mode in which the Java heap is
#     placed in the first 32GB address space. The Java Heap base address is the
#     maximum limit for the native heap growth. Please use -XX:HeapBaseMinAddress
#     to set the Java Heap base and to place the Java Heap above 32GB virtual address.
# This output file may be truncated or incomplete.
#
#  Out of Memory Error (arena.cpp:189), pid=21540, tid=7304
#
# JRE version: Java(TM) SE Runtime Environment (17.0.10+11) (build 17.0.10+11-LTS-240)
# Java VM: Java HotSpot(TM) 64-Bit Server VM (17.0.10+11-LTS-240, mixed mode, sharing, tiered, compressed oops, compressed class ptrs, g1 gc, windows-amd64)
# No core dump will be written. Minidumps are not enabled by default on client versions of Windows
#

---------------  S U M M A R Y ------------

Command Line: -javaagent:C:\Program Files\JetBrains\IntelliJ IDEA Community Edition 2025.2.6\lib\idea_rt.jar=65032 -Dfile.encoding=UTF-8 com.netflix.EncodingServiceApplication

Host: 11th Gen Intel(R) Core(TM) i3-1115G4 @ 3.00GHz, 4 cores, 15G,  Windows 11 , 64 bit Build 26100 (10.0.26100.8737)
Time: Tue Jul 14 01:58:00 2026 India Standard Time elapsed time: 4148.263644 seconds (0d 1h 9m 8s)

---------------  T H R E A D  ---------------

Current thread (0x0000028adb3f8f30):  JavaThread "C2 CompilerThread0" daemon [_thread_in_native, id=7304, stack(0x000000c9dad00000,0x000000c9dae00000)]


Current CompileTask:
C2:4148263 8046   !   4       org.apache.kafka.common.network.Selector::pollSelectionKeys (877 bytes)

Stack: [0x000000c9dad00000,0x000000c9dae00000]
Native frames: (J=compiled Java code, j=interpreted, Vv=VM code, C=native code)
V  [jvm.dll+0x677a5a]
V  [jvm.dll+0x7d8b2d]
V  [jvm.dll+0x7da48e]
V  [jvm.dll+0x7daaf3]
V  [jvm.dll+0x2455ff]
V  [jvm.dll+0xaaafb]
V  [jvm.dll+0xab09c]
V  [jvm.dll+0x361bae]
V  [jvm.dll+0x32c211]
V  [jvm.dll+0x32b6aa]
V  [jvm.dll+0x21794f]
V  [jvm.dll+0x216d81]
V  [jvm.dll+0x1a3410]
V  [jvm.dll+0x226aeb]
V  [jvm.dll+0x224cab]
V  [jvm.dll+0x78e45c]
V  [jvm.dll+0x78888a]
V  [jvm.dll+0x676935]
C  [ucrtbase.dll+0x2cd30]
C  [KERNEL32.DLL+0x2e957]
C  [ntdll.dll+0xaad6c]


---------------  P R O C E S S  ---------------

Threads class SMR info:
_java_thread_list=0x0000028adb517220, length=34, elements={
0x0000028adb2b3eb0, 0x0000028adb2b65f0, 0x0000028adb2cc220, 0x0000028adb2cebf0,
0x0000028adb2d0120, 0x0000028adb2d1650, 0x0000028adb3f8f30, 0x0000028adb3f99e0,
0x0000028adb416f10, 0x0000028adb4fda50, 0x0000028adb4fb1d0, 0x0000028adb4fd540,
0x0000028adb4facc0, 0x0000028adb4fa2a0, 0x0000028adb4fc100, 0x0000028adb4fd030,
0x0000028adb4fbbf0, 0x0000028adb4fc610, 0x0000028adb4fcb20, 0x0000028b23d310f0,
0x0000028b23d33460, 0x0000028b23d33970, 0x0000028b23d31600, 0x0000028b23d31b10,
0x0000028b23d33e80, 0x0000028b23d32020, 0x0000028b23d34390, 0x0000028b23d348a0,
0x0000028b23d32530, 0x0000028b23d32a40, 0x0000028b23d32f50, 0x0000028b243dadc0,
0x0000028b243d9e90, 0x0000028b243dd130
}

Java Threads: ( => current thread )
  0x0000028adb2b3eb0 JavaThread "Reference Handler" daemon [_thread_blocked, id=23492, stack(0x000000c9da700000,0x000000c9da800000)]
  0x0000028adb2b65f0 JavaThread "Finalizer" daemon [_thread_blocked, id=22240, stack(0x000000c9da800000,0x000000c9da900000)]
  0x0000028adb2cc220 JavaThread "Signal Dispatcher" daemon [_thread_blocked, id=7624, stack(0x000000c9da900000,0x000000c9daa00000)]
  0x0000028adb2cebf0 JavaThread "Attach Listener" daemon [_thread_blocked, id=15940, stack(0x000000c9daa00000,0x000000c9dab00000)]
  0x0000028adb2d0120 JavaThread "Service Thread" daemon [_thread_blocked, id=3156, stack(0x000000c9dab00000,0x000000c9dac00000)]
  0x0000028adb2d1650 JavaThread "Monitor Deflation Thread" daemon [_thread_blocked, id=9640, stack(0x000000c9dac00000,0x000000c9dad00000)]
=>0x0000028adb3f8f30 JavaThread "C2 CompilerThread0" daemon [_thread_in_native, id=7304, stack(0x000000c9dad00000,0x000000c9dae00000)]
  0x0000028adb3f99e0 JavaThread "C1 CompilerThread0" daemon [_thread_blocked, id=20892, stack(0x000000c9dae00000,0x000000c9daf00000)]
  0x0000028adb416f10 JavaThread "Sweeper thread" daemon [_thread_blocked, id=15340, stack(0x000000c9daf00000,0x000000c9db000000)]
  0x0000028adb4fda50 JavaThread "Common-Cleaner" daemon [_thread_blocked, id=18284, stack(0x000000c9db000000,0x000000c9db100000)]
  0x0000028adb4fb1d0 JavaThread "Monitor Ctrl-Break" daemon [_thread_in_native, id=15700, stack(0x000000c9db200000,0x000000c9db300000)]
  0x0000028adb4fd540 JavaThread "Notification Thread" daemon [_thread_blocked, id=15604, stack(0x000000c9db300000,0x000000c9db400000)]
  0x0000028adb4facc0 JavaThread "Catalina-utility-1" [_thread_blocked, id=19484, stack(0x000000c9db800000,0x000000c9db900000)]
  0x0000028adb4fa2a0 JavaThread "Catalina-utility-2" [_thread_blocked, id=10700, stack(0x000000c9db900000,0x000000c9dba00000)]
  0x0000028adb4fc100 JavaThread "container-0" [_thread_blocked, id=14032, stack(0x000000c9dba00000,0x000000c9dbb00000)]
  0x0000028adb4fd030 JavaThread "http-nio-8083-exec-1" daemon [_thread_blocked, id=2192, stack(0x000000c9dbb00000,0x000000c9dbc00000)]
  0x0000028adb4fbbf0 JavaThread "http-nio-8083-exec-2" daemon [_thread_blocked, id=10272, stack(0x000000c9dbc00000,0x000000c9dbd00000)]
  0x0000028adb4fc610 JavaThread "http-nio-8083-exec-3" daemon [_thread_blocked, id=20456, stack(0x000000c9dbd00000,0x000000c9dbe00000)]
  0x0000028adb4fcb20 JavaThread "http-nio-8083-exec-4" daemon [_thread_blocked, id=16996, stack(0x000000c9dbe00000,0x000000c9dbf00000)]
  0x0000028b23d310f0 JavaThread "http-nio-8083-exec-5" daemon [_thread_blocked, id=5360, stack(0x000000c9dbf00000,0x000000c9dc000000)]
  0x0000028b23d33460 JavaThread "http-nio-8083-exec-6" daemon [_thread_blocked, id=6304, stack(0x000000c9dc000000,0x000000c9dc100000)]
  0x0000028b23d33970 JavaThread "http-nio-8083-exec-7" daemon [_thread_blocked, id=13416, stack(0x000000c9dc100000,0x000000c9dc200000)]
  0x0000028b23d31600 JavaThread "http-nio-8083-exec-8" daemon [_thread_blocked, id=19192, stack(0x000000c9dc200000,0x000000c9dc300000)]
  0x0000028b23d31b10 JavaThread "http-nio-8083-exec-9" daemon [_thread_blocked, id=3100, stack(0x000000c9dc300000,0x000000c9dc400000)]
  0x0000028b23d33e80 JavaThread "http-nio-8083-exec-10" daemon [_thread_blocked, id=22064, stack(0x000000c9dc400000,0x000000c9dc500000)]
  0x0000028b23d32020 JavaThread "http-nio-8083-Poller" daemon [_thread_in_native, id=21484, stack(0x000000c9dc500000,0x000000c9dc600000)]
  0x0000028b23d34390 JavaThread "http-nio-8083-Acceptor" daemon [_thread_in_native, id=9272, stack(0x000000c9dc600000,0x000000c9dc700000)]
  0x0000028b23d348a0 JavaThread "micrometer-kafka-metrics" daemon [_thread_blocked, id=17728, stack(0x000000c9dc700000,0x000000c9dc800000)]
  0x0000028b23d32530 JavaThread "ThreadPoolTaskScheduler-1" [_thread_blocked, id=15208, stack(0x000000c9dc800000,0x000000c9dc900000)]
  0x0000028b23d32a40 JavaThread "org.springframework.kafka.KafkaListenerEndpointContainer#0-0-C-1" [_thread_in_native, id=7196, stack(0x000000c9dc900000,0x000000c9dca00000)]
  0x0000028b23d32f50 JavaThread "DestroyJavaVM" [_thread_blocked, id=19920, stack(0x000000c9da000000,0x000000c9da100000)]
  0x0000028b243dadc0 JavaThread "kafka-coordinator-heartbeat-thread | encoding-service-group-v2" daemon [_thread_blocked, id=9408, stack(0x000000c9dcc00000,0x000000c9dcd00000)]
  0x0000028b243d9e90 JavaThread "kafka-producer-network-thread | encoding-service-producer-1" daemon [_thread_in_native, id=21268, stack(0x000000c9dd100000,0x000000c9dd200000)]
  0x0000028b243dd130 JavaThread "micrometer-kafka-metrics" daemon [_thread_blocked, id=20652, stack(0x000000c9dd200000,0x000000c9dd300000)]

Other Threads:
  0x0000028adb2ad890 VMThread "VM Thread" [stack: 0x000000c9da600000,0x000000c9da700000] [id=12736]
  0x0000028adb9c8ad0 WatcherThread [stack: 0x000000c9db400000,0x000000c9db500000] [id=21196]
  0x0000028ab9098e00 GCTaskThread "GC Thread#0" [stack: 0x000000c9da100000,0x000000c9da200000] [id=1180]
  0x0000028adbad8540 GCTaskThread "GC Thread#1" [stack: 0x000000c9db500000,0x000000c9db600000] [id=12860]
  0x0000028adbad8800 GCTaskThread "GC Thread#2" [stack: 0x000000c9db600000,0x000000c9db700000] [id=3024]
  0x0000028adbad8ac0 GCTaskThread "GC Thread#3" [stack: 0x000000c9db700000,0x000000c9db800000] [id=15000]
  0x0000028ab90aa7e0 ConcurrentGCThread "G1 Main Marker" [stack: 0x000000c9da200000,0x000000c9da300000] [id=9784]
  0x0000028ab90ab1f0 ConcurrentGCThread "G1 Conc#0" [stack: 0x000000c9da300000,0x000000c9da400000] [id=24060]
  0x0000028ab90ed220 ConcurrentGCThread "G1 Refine#0" [stack: 0x000000c9da400000,0x000000c9da500000] [id=9956]
  0x0000028b2169cc20 ConcurrentGCThread "G1 Refine#1" [stack: 0x000000c9dca00000,0x000000c9dcb00000] [id=2608]
  0x0000028ab90edc50 ConcurrentGCThread "G1 Service" [stack: 0x000000c9da500000,0x000000c9da600000] [id=4592]

Threads with active compile tasks:
C2 CompilerThread0  4148295 8046   !   4       org.apache.kafka.common.network.Selector::pollSelectionKeys (877 bytes)

VM state: not at safepoint (normal execution)

VM Mutex/Monitor currently owned by a thread: None

Heap address: 0x0000000705800000, size: 4008 MB, Compressed Oops mode: Zero based, Oop shift amount: 3

CDS archive(s) mapped at: [0x0000028adc000000-0x0000028adcbd0000-0x0000028adcbd0000), size 12386304, SharedBaseAddress: 0x0000028adc000000, ArchiveRelocationMode: 1.
Compressed class space mapped at: 0x0000028add000000-0x0000028b1d000000, reserved size: 1073741824
Narrow klass base: 0x0000028adc000000, Narrow klass shift: 0, Narrow klass range: 0x100000000

GC Precious Log:
 CPUs: 4 total, 4 available
 Memory: 16026M
 Large Page Support: Disabled
 NUMA Support: Disabled
 Compressed Oops: Enabled (Zero based)
 Heap Region Size: 2M
 Heap Min Capacity: 8M
 Heap Initial Capacity: 252M
 Heap Max Capacity: 4008M
 Pre-touch: Disabled
 Parallel Workers: 4
 Concurrent Workers: 1
 Concurrent Refinement Workers: 4
 Periodic GC: Disabled

Heap:
 garbage-first heap   total 81920K, used 41442K [0x0000000705800000, 0x0000000800000000)
  region size 2048K, 10 young (20480K), 2 survivors (4096K)
 Metaspace       used 59166K, committed 59712K, reserved 1114112K
  class space    used 6972K, committed 7232K, reserved 1048576K

Heap Regions: E=young(eden), S=young(survivor), O=old, HS=humongous(starts), HC=humongous(continues), CS=collection set, F=free, OA=open archive, CA=closed archive, TAMS=top-at-mark-start (previous, next)
|   0|0x0000000705800000, 0x0000000705a00000, 0x0000000705a00000|100%| O|  |TAMS 0x0000000705800000, 0x0000000705800000| Untracked 
|   1|0x0000000705a00000, 0x0000000705c00000, 0x0000000705c00000|100%| O|  |TAMS 0x0000000705c00000, 0x0000000705a00000| Untracked 
|   2|0x0000000705c00000, 0x0000000705dcfe00, 0x0000000705e00000| 90%| O|  |TAMS 0x0000000705dcfe00, 0x0000000705c00000| Untracked 
|   3|0x0000000705e00000, 0x0000000706000000, 0x0000000706000000|100%| O|  |TAMS 0x0000000706000000, 0x0000000705e00000| Untracked 
|   4|0x0000000706000000, 0x0000000706200000, 0x0000000706200000|100%| O|  |TAMS 0x0000000706200000, 0x0000000706000000| Untracked 
|   5|0x0000000706200000, 0x0000000706400000, 0x0000000706400000|100%| O|  |TAMS 0x0000000706400000, 0x0000000706200000| Untracked 
|   6|0x0000000706400000, 0x0000000706600000, 0x0000000706600000|100%| O|  |TAMS 0x0000000706600000, 0x0000000706400000| Untracked 
|   7|0x0000000706600000, 0x0000000706800000, 0x0000000706800000|100%| O|  |TAMS 0x0000000706800000, 0x0000000706600000| Untracked 
|   8|0x0000000706800000, 0x0000000706800000, 0x0000000706a00000|  0%| F|  |TAMS 0x0000000706800000, 0x0000000706800000| Untracked 
|   9|0x0000000706a00000, 0x0000000706c00000, 0x0000000706c00000|100%| O|  |TAMS 0x0000000706a00000, 0x0000000706a00000| Untracked 
|  10|0x0000000706c00000, 0x0000000706e00000, 0x0000000706e00000|100%| O|  |TAMS 0x0000000706c00000, 0x0000000706c00000| Untracked 
|  11|0x0000000706e00000, 0x0000000707000000, 0x0000000707000000|100%| O|  |TAMS 0x0000000706e00000, 0x0000000706e00000| Untracked 
|  12|0x0000000707000000, 0x0000000707169c00, 0x0000000707200000| 70%| O|  |TAMS 0x0000000707000000, 0x0000000707000000| Untracked 
|  13|0x0000000707200000, 0x0000000707200000, 0x0000000707400000|  0%| F|  |TAMS 0x0000000707200000, 0x0000000707200000| Untracked 
|  14|0x0000000707400000, 0x0000000707400000, 0x0000000707600000|  0%| F|  |TAMS 0x0000000707400000, 0x0000000707400000| Untracked 
|  15|0x0000000707600000, 0x0000000707600000, 0x0000000707800000|  0%| F|  |TAMS 0x0000000707600000, 0x0000000707600000| Untracked 
|  16|0x0000000707800000, 0x0000000707800000, 0x0000000707a00000|  0%| F|  |TAMS 0x0000000707800000, 0x0000000707800000| Untracked 
|  17|0x0000000707a00000, 0x0000000707a00000, 0x0000000707c00000|  0%| F|  |TAMS 0x0000000707a00000, 0x0000000707a00000| Untracked 
|  18|0x0000000707c00000, 0x0000000707d3f0d0, 0x0000000707e00000| 62%| S|CS|TAMS 0x0000000707c00000, 0x0000000707c00000| Complete 
|  19|0x0000000707e00000, 0x0000000708000000, 0x0000000708000000|100%| S|CS|TAMS 0x0000000707e00000, 0x0000000707e00000| Complete 
|  20|0x0000000708000000, 0x0000000708000000, 0x0000000708200000|  0%| F|  |TAMS 0x0000000708000000, 0x0000000708000000| Untracked 
|  21|0x0000000708200000, 0x0000000708200000, 0x0000000708400000|  0%| F|  |TAMS 0x0000000708200000, 0x0000000708200000| Untracked 
|  22|0x0000000708400000, 0x0000000708400000, 0x0000000708600000|  0%| F|  |TAMS 0x0000000708400000, 0x0000000708400000| Untracked 
|  23|0x0000000708600000, 0x0000000708600000, 0x0000000708800000|  0%| F|  |TAMS 0x0000000708600000, 0x0000000708600000| Untracked 
|  24|0x0000000708800000, 0x0000000708800000, 0x0000000708a00000|  0%| F|  |TAMS 0x0000000708800000, 0x0000000708800000| Untracked 
|  25|0x0000000708a00000, 0x0000000708a00000, 0x0000000708c00000|  0%| F|  |TAMS 0x0000000708a00000, 0x0000000708a00000| Untracked 
|  26|0x0000000708c00000, 0x0000000708c00000, 0x0000000708e00000|  0%| F|  |TAMS 0x0000000708c00000, 0x0000000708c00000| Untracked 
|  27|0x0000000708e00000, 0x0000000708e00000, 0x0000000709000000|  0%| F|  |TAMS 0x0000000708e00000, 0x0000000708e00000| Untracked 
|  28|0x0000000709000000, 0x0000000709000000, 0x0000000709200000|  0%| F|  |TAMS 0x0000000709000000, 0x0000000709000000| Untracked 
|  29|0x0000000709200000, 0x0000000709200000, 0x0000000709400000|  0%| F|  |TAMS 0x0000000709200000, 0x0000000709200000| Untracked 
|  30|0x0000000709400000, 0x0000000709400000, 0x0000000709600000|  0%| F|  |TAMS 0x0000000709400000, 0x0000000709400000| Untracked 
|  31|0x0000000709600000, 0x0000000709600000, 0x0000000709800000|  0%| F|  |TAMS 0x0000000709600000, 0x0000000709600000| Untracked 
|  32|0x0000000709800000, 0x00000007098ffd60, 0x0000000709a00000| 49%| E|  |TAMS 0x0000000709800000, 0x0000000709800000| Complete 
|  33|0x0000000709a00000, 0x0000000709c00000, 0x0000000709c00000|100%| E|CS|TAMS 0x0000000709a00000, 0x0000000709a00000| Complete 
|  34|0x0000000709c00000, 0x0000000709e00000, 0x0000000709e00000|100%| E|CS|TAMS 0x0000000709c00000, 0x0000000709c00000| Complete 
|  35|0x0000000709e00000, 0x000000070a000000, 0x000000070a000000|100%| E|CS|TAMS 0x0000000709e00000, 0x0000000709e00000| Complete 
|  71|0x000000070e600000, 0x000000070e800000, 0x000000070e800000|100%| E|CS|TAMS 0x000000070e600000, 0x000000070e600000| Complete 
|  90|0x0000000710c00000, 0x0000000710e00000, 0x0000000710e00000|100%| E|CS|TAMS 0x0000000710c00000, 0x0000000710c00000| Complete 
|  91|0x0000000710e00000, 0x0000000711000000, 0x0000000711000000|100%| E|CS|TAMS 0x0000000710e00000, 0x0000000710e00000| Complete 
| 125|0x0000000715200000, 0x0000000715400000, 0x0000000715400000|100%| E|CS|TAMS 0x0000000715200000, 0x0000000715200000| Complete 

Card table byte_map: [0x0000028ad00b0000,0x0000028ad0890000] _byte_map_base: 0x0000028acc884000

Marking Bits (Prev, Next): (CMBitMap*) 0x0000028ab909a430, (CMBitMap*) 0x0000028ab909a470
 Prev Bits: [0x0000028ad1070000, 0x0000028ad4f10000)
 Next Bits: [0x0000028ad4f10000, 0x0000028ad8db0000)

Polling page: 0x0000028ab6f60000

Metaspace:

Usage:
  Non-class:     50.97 MB used.
      Class:      6.81 MB used.
       Both:     57.78 MB used.

Virtual space:
  Non-class space:       64.00 MB reserved,      51.25 MB ( 80%) committed,  1 nodes.
      Class space:        1.00 GB reserved,       7.06 MB ( <1%) committed,  1 nodes.
             Both:        1.06 GB reserved,      58.31 MB (  5%) committed. 

Chunk freelists:
   Non-Class:  12.77 MB
       Class:  8.80 MB
        Both:  21.56 MB

MaxMetaspaceSize: unlimited
CompressedClassSpaceSize: 1.00 GB
Initial GC threshold: 21.00 MB
Current GC threshold: 58.75 MB
CDS: on
MetaspaceReclaimPolicy: balanced
 - commit_granule_bytes: 65536.
 - commit_granule_words: 8192.
 - virtual_space_node_default_size: 8388608.
 - enlarge_chunks_in_place: 1.
 - new_chunks_are_fully_committed: 0.
 - uncommit_free_chunks: 1.
 - use_allocation_guard: 0.
 - handle_deallocations: 1.


Internal statistics:

num_allocs_failed_limit: 6.
num_arena_births: 730.
num_arena_deaths: 0.
num_vsnodes_births: 2.
num_vsnodes_deaths: 0.
num_space_committed: 933.
num_space_uncommitted: 0.
num_chunks_returned_to_freelist: 6.
num_chunks_taken_from_freelist: 2766.
num_chunk_merges: 6.
num_chunk_splits: 1973.
num_chunks_enlarged: 1558.
num_inconsistent_stats: 0.

CodeHeap 'non-profiled nmethods': size=120000Kb used=4509Kb max_used=5079Kb free=115490Kb
 bounds [0x0000028ac83a0000, 0x0000028ac88a0000, 0x0000028acf8d0000]
CodeHeap 'profiled nmethods': size=120000Kb used=12826Kb max_used=14790Kb free=107174Kb
 bounds [0x0000028ac08d0000, 0x0000028ac1750000, 0x0000028ac7e00000]
CodeHeap 'non-nmethods': size=5760Kb used=1401Kb max_used=1453Kb free=4358Kb
 bounds [0x0000028ac7e00000, 0x0000028ac8070000, 0x0000028ac83a0000]
 total_blobs=7282 nmethods=6542 adapters=652
 compilation: enabled
              stopped_count=0, restarted_count=0
 full_count=0

Compilation events (20 events):
Event: 4093.764 Thread 0x0000028adb3f8f30 nmethod 8036 0x0000028ac8469510 code [0x0000028ac84696a0, 0x0000028ac84697a8]
Event: 4096.753 Thread 0x0000028adb3f8f30 8037   !   4       java.util.concurrent.FutureTask::runAndReset (125 bytes)
Event: 4096.758 Thread 0x0000028adb3f8f30 nmethod 8037 0x0000028ac8468c90 code [0x0000028ac8468e40, 0x0000028ac8469198]
Event: 4096.758 Thread 0x0000028adb3f8f30 8038   !   4       java.util.concurrent.ScheduledThreadPoolExecutor$DelayedWorkQueue::offer (123 bytes)
Event: 4096.791 Thread 0x0000028adb3f8f30 nmethod 8038 0x0000028ac85fdc10 code [0x0000028ac85fde20, 0x0000028ac85ff1d8]
Event: 4097.753 Thread 0x0000028adb3f8f30 8039       4       java.util.concurrent.ScheduledThreadPoolExecutor::reExecutePeriodic (49 bytes)
Event: 4097.759 Thread 0x0000028adb3f8f30 nmethod 8039 0x0000028ac871e490 code [0x0000028ac871e640, 0x0000028ac871e858]
Event: 4098.265 Thread 0x0000028adb3f8f30 8040       4       java.util.Collections$EmptyList::iterator (4 bytes)
Event: 4098.265 Thread 0x0000028adb3f8f30 nmethod 8040 0x0000028ac8499610 code [0x0000028ac8499780, 0x0000028ac84997f8]
Event: 4098.761 Thread 0x0000028adb3f8f30 8041       4       java.util.concurrent.ScheduledThreadPoolExecutor$ScheduledFutureTask::run (57 bytes)
Event: 4098.770 Thread 0x0000028adb3f8f30 nmethod 8041 0x0000028ac871d410 code [0x0000028ac871d600, 0x0000028ac871dc00]
Event: 4143.611 Thread 0x0000028adb3f99e0 8042       3       org.apache.kafka.clients.NetworkClient::authenticationException (12 bytes)
Event: 4143.611 Thread 0x0000028adb3f99e0 nmethod 8042 0x0000028ac08f3f90 code [0x0000028ac08f4160, 0x0000028ac08f4548]
Event: 4143.611 Thread 0x0000028adb3f99e0 8043       3       org.apache.kafka.clients.ClusterConnectionStates::authenticationException (27 bytes)
Event: 4143.611 Thread 0x0000028adb3f99e0 nmethod 8043 0x0000028ac0ae7610 code [0x0000028ac0ae77c0, 0x0000028ac0ae7b28]
Event: 4145.044 Thread 0x0000028adb3f8f30 8044       4       org.apache.kafka.clients.ClusterConnectionStates::nodeState (48 bytes)
Event: 4145.058 Thread 0x0000028adb3f8f30 nmethod 8044 0x0000028ac8718a90 code [0x0000028ac8718c40, 0x0000028ac8719248]
Event: 4145.058 Thread 0x0000028adb3f8f30 8045       4       org.apache.kafka.common.utils.LogContext$LocationAwareKafkaLogger::writeLog (74 bytes)
Event: 4145.084 Thread 0x0000028adb3f8f30 nmethod 8045 0x0000028ac858bf90 code [0x0000028ac858c1e0, 0x0000028ac858d270]
Event: 4148.078 Thread 0x0000028adb3f8f30 8046   !   4       org.apache.kafka.common.network.Selector::pollSelectionKeys (877 bytes)

GC Heap History (20 events):
Event: 5.176 GC heap before
{Heap before GC invocations=11 (full 0):
 garbage-first heap   total 81920K, used 63965K [0x0000000705800000, 0x0000000800000000)
  region size 2048K, 24 young (49152K), 3 survivors (6144K)
 Metaspace       used 44232K, committed 44800K, reserved 1114112K
  class space    used 5536K, committed 5824K, reserved 1048576K
}
Event: 5.183 GC heap after
{Heap after GC invocations=12 (full 0):
 garbage-first heap   total 81920K, used 23911K [0x0000000705800000, 0x0000000800000000)
  region size 2048K, 3 young (6144K), 3 survivors (6144K)
 Metaspace       used 44232K, committed 44800K, reserved 1114112K
  class space    used 5536K, committed 5824K, reserved 1048576K
}
Event: 5.221 GC heap before
{Heap before GC invocations=12 (full 0):
 garbage-first heap   total 81920K, used 25959K [0x0000000705800000, 0x0000000800000000)
  region size 2048K, 4 young (8192K), 3 survivors (6144K)
 Metaspace       used 44934K, committed 45504K, reserved 1114112K
  class space    used 5605K, committed 5888K, reserved 1048576K
}
Event: 5.226 GC heap after
{Heap after GC invocations=13 (full 0):
 garbage-first heap   total 81920K, used 24707K [0x0000000705800000, 0x0000000800000000)
  region size 2048K, 1 young (2048K), 1 survivors (2048K)
 Metaspace       used 44934K, committed 45504K, reserved 1114112K
  class space    used 5605K, committed 5888K, reserved 1048576K
}
Event: 74.536 GC heap before
{Heap before GC invocations=13 (full 0):
 garbage-first heap   total 81920K, used 57475K [0x0000000705800000, 0x0000000800000000)
  region size 2048K, 18 young (36864K), 1 survivors (2048K)
 Metaspace       used 53474K, committed 53952K, reserved 1114112K
  class space    used 6417K, committed 6656K, reserved 1048576K
}
Event: 74.539 GC heap after
{Heap after GC invocations=14 (full 0):
 garbage-first heap   total 81920K, used 25784K [0x0000000705800000, 0x0000000800000000)
  region size 2048K, 2 young (4096K), 2 survivors (4096K)
 Metaspace       used 53474K, committed 53952K, reserved 1114112K
  class space    used 6417K, committed 6656K, reserved 1048576K
}
Event: 384.013 GC heap before
{Heap before GC invocations=14 (full 0):
 garbage-first heap   total 81920K, used 60600K [0x0000000705800000, 0x0000000800000000)
  region size 2048K, 19 young (38912K), 2 survivors (4096K)
 Metaspace       used 58525K, committed 59008K, reserved 1114112K
  class space    used 6961K, committed 7168K, reserved 1048576K
}
Event: 384.024 GC heap after
{Heap after GC invocations=15 (full 0):
 garbage-first heap   total 81920K, used 26903K [0x0000000705800000, 0x0000000800000000)
  region size 2048K, 2 young (4096K), 2 survivors (4096K)
 Metaspace       used 58525K, committed 59008K, reserved 1114112K
  class space    used 6961K, committed 7168K, reserved 1048576K
}
Event: 1072.337 GC heap before
{Heap before GC invocations=15 (full 0):
 garbage-first heap   total 81920K, used 61719K [0x0000000705800000, 0x0000000800000000)
  region size 2048K, 19 young (38912K), 2 survivors (4096K)
 Metaspace       used 58715K, committed 59264K, reserved 1114112K
  class space    used 6964K, committed 7232K, reserved 1048576K
}
Event: 1072.341 GC heap after
{Heap after GC invocations=16 (full 0):
 garbage-first heap   total 81920K, used 26995K [0x0000000705800000, 0x0000000800000000)
  region size 2048K, 2 young (4096K), 2 survivors (4096K)
 Metaspace       used 58715K, committed 59264K, reserved 1114112K
  class space    used 6964K, committed 7232K, reserved 1048576K
}
Event: 1763.392 GC heap before
{Heap before GC invocations=16 (full 0):
 garbage-first heap   total 81920K, used 63859K [0x0000000705800000, 0x0000000800000000)
  region size 2048K, 20 young (40960K), 2 survivors (4096K)
 Metaspace       used 58750K, committed 59328K, reserved 1114112K
  class space    used 6964K, committed 7232K, reserved 1048576K
}
Event: 1763.397 GC heap after
{Heap after GC invocations=17 (full 0):
 garbage-first heap   total 81920K, used 27045K [0x0000000705800000, 0x0000000800000000)
  region size 2048K, 2 young (4096K), 2 survivors (4096K)
 Metaspace       used 58750K, committed 59328K, reserved 1114112K
  class space    used 6964K, committed 7232K, reserved 1048576K
}
Event: 2383.306 GC heap before
{Heap before GC invocations=17 (full 0):
 garbage-first heap   total 81920K, used 65957K [0x0000000705800000, 0x0000000800000000)
  region size 2048K, 21 young (43008K), 2 survivors (4096K)
 Metaspace       used 58791K, committed 59328K, reserved 1114112K
  class space    used 6964K, committed 7232K, reserved 1048576K
}
Event: 2383.313 GC heap after
{Heap after GC invocations=18 (full 0):
 garbage-first heap   total 81920K, used 27014K [0x0000000705800000, 0x0000000800000000)
  region size 2048K, 2 young (4096K), 2 survivors (4096K)
 Metaspace       used 58791K, committed 59328K, reserved 1114112K
  class space    used 6964K, committed 7232K, reserved 1048576K
}
Event: 3078.506 GC heap before
{Heap before GC invocations=18 (full 0):
 garbage-first heap   total 81920K, used 65926K [0x0000000705800000, 0x0000000800000000)
  region size 2048K, 21 young (43008K), 2 survivors (4096K)
 Metaspace       used 59087K, committed 59584K, reserved 1114112K
  class space    used 6971K, committed 7232K, reserved 1048576K
}
Event: 3078.512 GC heap after
{Heap after GC invocations=19 (full 0):
 garbage-first heap   total 81920K, used 26876K [0x0000000705800000, 0x0000000800000000)
  region size 2048K, 2 young (4096K), 2 survivors (4096K)
 Metaspace       used 59087K, committed 59584K, reserved 1114112K
  class space    used 6971K, committed 7232K, reserved 1048576K
}
Event: 3523.565 GC heap before
{Heap before GC invocations=19 (full 0):
 garbage-first heap   total 81920K, used 67836K [0x0000000705800000, 0x0000000800000000)
  region size 2048K, 22 young (45056K), 2 survivors (4096K)
 Metaspace       used 59145K, committed 59712K, reserved 1114112K
  class space    used 6972K, committed 7232K, reserved 1048576K
}
Event: 3523.577 GC heap after
{Heap after GC invocations=20 (full 0):
 garbage-first heap   total 81920K, used 26947K [0x0000000705800000, 0x0000000800000000)
  region size 2048K, 2 young (4096K), 2 survivors (4096K)
 Metaspace       used 59145K, committed 59712K, reserved 1114112K
  class space    used 6972K, committed 7232K, reserved 1048576K
}
Event: 3979.262 GC heap before
{Heap before GC invocations=20 (full 0):
 garbage-first heap   total 81920K, used 67907K [0x0000000705800000, 0x0000000800000000)
  region size 2048K, 22 young (45056K), 2 survivors (4096K)
 Metaspace       used 59162K, committed 59712K, reserved 1114112K
  class space    used 6972K, committed 7232K, reserved 1048576K
}
Event: 3979.269 GC heap after
{Heap after GC invocations=21 (full 0):
 garbage-first heap   total 81920K, used 27106K [0x0000000705800000, 0x0000000800000000)
  region size 2048K, 2 young (4096K), 2 survivors (4096K)
 Metaspace       used 59162K, committed 59712K, reserved 1114112K
  class space    used 6972K, committed 7232K, reserved 1048576K
}

Deoptimization events (20 events):
Event: 3740.128 Thread 0x0000028adb4facc0 Uncommon trap: trap_request=0xffffffbe fr.pc=0x0000028ac85bdfc8 relative=0x0000000000000228
Event: 3740.128 Thread 0x0000028adb4facc0 Uncommon trap: reason=profile_predicate action=maybe_recompile pc=0x0000028ac85bdfc8 method=java.util.HashMap.valuesToArray([Ljava/lang/Object;)[Ljava/lang/Object; @ 48 c2
Event: 3740.128 Thread 0x0000028adb4facc0 DEOPT PACKING pc=0x0000028ac85bdfc8 sp=0x000000c9db8ff1b0
Event: 3740.128 Thread 0x0000028adb4facc0 DEOPT UNPACKING pc=0x0000028ac7e55ba3 sp=0x000000c9db8ff148 mode 2
Event: 3810.197 Thread 0x0000028adb4fa2a0 Uncommon trap: trap_request=0xffffffd6 fr.pc=0x0000028ac83dc4f8 relative=0x0000000000000458
Event: 3810.197 Thread 0x0000028adb4fa2a0 Uncommon trap: reason=array_check action=maybe_recompile pc=0x0000028ac83dc4f8 method=java.util.HashMap.valuesToArray([Ljava/lang/Object;)[Ljava/lang/Object; @ 62 c2
Event: 3810.197 Thread 0x0000028adb4fa2a0 DEOPT PACKING pc=0x0000028ac83dc4f8 sp=0x000000c9db9ff280
Event: 3810.197 Thread 0x0000028adb4fa2a0 DEOPT UNPACKING pc=0x0000028ac7e55ba3 sp=0x000000c9db9ff218 mode 2
Event: 3810.197 Thread 0x0000028adb4fa2a0 Uncommon trap: trap_request=0xffffffd6 fr.pc=0x0000028ac83dc4f8 relative=0x0000000000000458
Event: 3810.197 Thread 0x0000028adb4fa2a0 Uncommon trap: reason=array_check action=maybe_recompile pc=0x0000028ac83dc4f8 method=java.util.HashMap.valuesToArray([Ljava/lang/Object;)[Ljava/lang/Object; @ 62 c2
Event: 3810.197 Thread 0x0000028adb4fa2a0 DEOPT PACKING pc=0x0000028ac83dc4f8 sp=0x000000c9db9ff1b0
Event: 3810.197 Thread 0x0000028adb4fa2a0 DEOPT UNPACKING pc=0x0000028ac7e55ba3 sp=0x000000c9db9ff148 mode 2
Event: 3810.198 Thread 0x0000028adb4fa2a0 Uncommon trap: trap_request=0xffffffd6 fr.pc=0x0000028ac83dc4f8 relative=0x0000000000000458
Event: 3810.198 Thread 0x0000028adb4fa2a0 Uncommon trap: reason=array_check action=maybe_recompile pc=0x0000028ac83dc4f8 method=java.util.HashMap.valuesToArray([Ljava/lang/Object;)[Ljava/lang/Object; @ 62 c2
Event: 3810.198 Thread 0x0000028adb4fa2a0 DEOPT PACKING pc=0x0000028ac83dc4f8 sp=0x000000c9db9ff0e0
Event: 3810.198 Thread 0x0000028adb4fa2a0 DEOPT UNPACKING pc=0x0000028ac7e55ba3 sp=0x000000c9db9ff078 mode 2
Event: 3820.206 Thread 0x0000028adb4facc0 Uncommon trap: trap_request=0xffffffd6 fr.pc=0x0000028ac83dc4f8 relative=0x0000000000000458
Event: 3820.206 Thread 0x0000028adb4facc0 Uncommon trap: reason=array_check action=maybe_recompile pc=0x0000028ac83dc4f8 method=java.util.HashMap.valuesToArray([Ljava/lang/Object;)[Ljava/lang/Object; @ 62 c2
Event: 3820.206 Thread 0x0000028adb4facc0 DEOPT PACKING pc=0x0000028ac83dc4f8 sp=0x000000c9db8ff270
Event: 3820.206 Thread 0x0000028adb4facc0 DEOPT UNPACKING pc=0x0000028ac7e55ba3 sp=0x000000c9db8ff208 mode 2

Classes unloaded (0 events):
No events

Classes redefined (0 events):
No events

Internal exceptions (20 events):
Event: 4139.088 Thread 0x0000028b243d9e90 Exception <a 'java/net/ConnectException'{0x00000007098000d8}: Connection refused: no further information> (0x00000007098000d8) 
thrown [s\open\src\hotspot\share\prims\jni.cpp, line 535]
Event: 4139.258 Thread 0x0000028b23d32a40 Exception <a 'java/net/ConnectException'{0x0000000709bbad18}: Connection refused: no further information> (0x0000000709bbad18) 
thrown [s\open\src\hotspot\share\prims\jni.cpp, line 535]
Event: 4140.085 Thread 0x0000028b243d9e90 Exception <a 'java/net/ConnectException'{0x000000070980b300}: Connection refused: no further information> (0x000000070980b300) 
thrown [s\open\src\hotspot\share\prims\jni.cpp, line 535]
Event: 4140.271 Thread 0x0000028b23d32a40 Exception <a 'java/net/ConnectException'{0x0000000709844118}: Connection refused: no further information> (0x0000000709844118) 
thrown [s\open\src\hotspot\share\prims\jni.cpp, line 535]
Event: 4141.094 Thread 0x0000028b243d9e90 Exception <a 'java/net/ConnectException'{0x0000000709816ce8}: Connection refused: no further information> (0x0000000709816ce8) 
thrown [s\open\src\hotspot\share\prims\jni.cpp, line 535]
Event: 4141.234 Thread 0x0000028b23d32a40 Exception <a 'java/net/ConnectException'{0x000000070984e5d0}: Connection refused: no further information> (0x000000070984e5d0) 
thrown [s\open\src\hotspot\share\prims\jni.cpp, line 535]
Event: 4142.104 Thread 0x0000028b243d9e90 Exception <a 'java/net/ConnectException'{0x0000000709822228}: Connection refused: no further information> (0x0000000709822228) 
thrown [s\open\src\hotspot\share\prims\jni.cpp, line 535]
Event: 4142.229 Thread 0x0000028b23d32a40 Exception <a 'java/net/ConnectException'{0x0000000709858c48}: Connection refused: no further information> (0x0000000709858c48) 
thrown [s\open\src\hotspot\share\prims\jni.cpp, line 535]
Event: 4143.116 Thread 0x0000028b243d9e90 Exception <a 'java/net/ConnectException'{0x000000070982d768}: Connection refused: no further information> (0x000000070982d768) 
thrown [s\open\src\hotspot\share\prims\jni.cpp, line 535]
Event: 4143.243 Thread 0x0000028b23d32a40 Exception <a 'java/net/ConnectException'{0x0000000709863c20}: Connection refused: no further information> (0x0000000709863c20) 
thrown [s\open\src\hotspot\share\prims\jni.cpp, line 535]
Event: 4144.047 Thread 0x0000028b243d9e90 Exception <a 'java/net/ConnectException'{0x0000000709837f00}: Connection refused: no further information> (0x0000000709837f00) 
thrown [s\open\src\hotspot\share\prims\jni.cpp, line 535]
Event: 4144.078 Thread 0x0000028b23d32a40 Exception <a 'java/net/ConnectException'{0x000000070986e0b0}: Connection refused: no further information> (0x000000070986e0b0) 
thrown [s\open\src\hotspot\share\prims\jni.cpp, line 535]
Event: 4145.046 Thread 0x0000028b243d9e90 Exception <a 'java/net/ConnectException'{0x00000007098bffd0}: Connection refused: no further information> (0x00000007098bffd0) 
thrown [s\open\src\hotspot\share\prims\jni.cpp, line 535]
Event: 4145.138 Thread 0x0000028b23d32a40 Exception <a 'java/net/ConnectException'{0x0000000709878d48}: Connection refused: no further information> (0x0000000709878d48) 
thrown [s\open\src\hotspot\share\prims\jni.cpp, line 535]
Event: 4146.060 Thread 0x0000028b243d9e90 Exception <a 'java/net/ConnectException'{0x00000007098cb9d0}: Connection refused: no further information> (0x00000007098cb9d0) 
thrown [s\open\src\hotspot\share\prims\jni.cpp, line 535]
Event: 4146.154 Thread 0x0000028b23d32a40 Exception <a 'java/net/ConnectException'{0x00000007098835b0}: Connection refused: no further information> (0x00000007098835b0) 
thrown [s\open\src\hotspot\share\prims\jni.cpp, line 535]
Event: 4147.068 Thread 0x0000028b243d9e90 Exception <a 'java/net/ConnectException'{0x00000007098d6620}: Connection refused: no further information> (0x00000007098d6620) 
thrown [s\open\src\hotspot\share\prims\jni.cpp, line 535]
Event: 4147.145 Thread 0x0000028b23d32a40 Exception <a 'java/net/ConnectException'{0x000000070988d7e0}: Connection refused: no further information> (0x000000070988d7e0) 
thrown [s\open\src\hotspot\share\prims\jni.cpp, line 535]
Event: 4148.078 Thread 0x0000028b243d9e90 Exception <a 'java/net/ConnectException'{0x00000007098e1968}: Connection refused: no further information> (0x00000007098e1968) 
thrown [s\open\src\hotspot\share\prims\jni.cpp, line 535]
Event: 4148.140 Thread 0x0000028b23d32a40 Exception <a 'java/net/ConnectException'{0x00000007098979d0}: Connection refused: no further information> (0x00000007098979d0) 
thrown [s\open\src\hotspot\share\prims\jni.cpp, line 535]

VM Operations (20 events):
Event: 3914.018 Executing VM operation: Cleanup
Event: 3914.019 Executing VM operation: Cleanup done
Event: 3979.262 Executing VM operation: G1CollectForAllocation
Event: 3979.269 Executing VM operation: G1CollectForAllocation done
Event: 3980.281 Executing VM operation: Cleanup
Event: 3980.281 Executing VM operation: Cleanup done
Event: 3981.288 Executing VM operation: Cleanup
Event: 3981.288 Executing VM operation: Cleanup done
Event: 3982.295 Executing VM operation: Cleanup
Event: 3982.295 Executing VM operation: Cleanup done
Event: 3984.312 Executing VM operation: Cleanup
Event: 3984.313 Executing VM operation: Cleanup done
Event: 4010.521 Executing VM operation: Cleanup
Event: 4010.522 Executing VM operation: Cleanup done
Event: 4028.806 Executing VM operation: HandshakeAllThreads
Event: 4028.806 Executing VM operation: HandshakeAllThreads done
Event: 4099.490 Executing VM operation: Cleanup
Event: 4099.490 Executing VM operation: Cleanup done
Event: 4101.516 Executing VM operation: Cleanup
Event: 4101.516 Executing VM operation: Cleanup done

Events (20 events):
Event: 3321.076 Thread 0x0000028adb416f10 flushing nmethod 0x0000028ac1631390
Event: 3321.076 Thread 0x0000028adb416f10 flushing nmethod 0x0000028ac163ec10
Event: 3321.076 Thread 0x0000028adb416f10 flushing nmethod 0x0000028ac1655f90
Event: 3321.076 Thread 0x0000028adb416f10 flushing nmethod 0x0000028ac1656410
Event: 3321.076 Thread 0x0000028adb416f10 flushing nmethod 0x0000028ac1658510
Event: 3321.076 Thread 0x0000028adb416f10 flushing nmethod 0x0000028ac1658990
Event: 3321.076 Thread 0x0000028adb416f10 flushing nmethod 0x0000028ac1658e10
Event: 3321.076 Thread 0x0000028adb416f10 flushing nmethod 0x0000028ac1659290
Event: 3321.076 Thread 0x0000028adb416f10 flushing nmethod 0x0000028ac165e590
Event: 3321.076 Thread 0x0000028adb416f10 flushing nmethod 0x0000028ac165ef90
Event: 3321.076 Thread 0x0000028adb416f10 flushing nmethod 0x0000028ac165f990
Event: 3321.076 Thread 0x0000028adb416f10 flushing nmethod 0x0000028ac1663810
Event: 3321.076 Thread 0x0000028adb416f10 flushing nmethod 0x0000028ac1677990
Event: 3321.076 Thread 0x0000028adb416f10 flushing nmethod 0x0000028ac1679290
Event: 3321.076 Thread 0x0000028adb416f10 flushing nmethod 0x0000028ac167eb90
Event: 3321.076 Thread 0x0000028adb416f10 flushing nmethod 0x0000028ac16a0310
Event: 3321.076 Thread 0x0000028adb416f10 flushing nmethod 0x0000028ac16a2010
Event: 3321.076 Thread 0x0000028adb416f10 flushing nmethod 0x0000028ac16a4610
Event: 3321.076 Thread 0x0000028adb416f10 flushing nmethod 0x0000028ac16a5d90
Event: 3321.076 Thread 0x0000028adb416f10 flushing nmethod 0x0000028ac16af810


Dynamic libraries:
0x00007ff7b7150000 - 0x00007ff7b7160000 	C:\Program Files\Java\jdk-17\bin\java.exe
0x00007ffb92dc0000 - 0x00007ffb93026000 	C:\WINDOWS\SYSTEM32\ntdll.dll
0x00007ffb90af0000 - 0x00007ffb90bb9000 	C:\WINDOWS\System32\KERNEL32.DLL
0x00007ffb90220000 - 0x00007ffb90620000 	C:\WINDOWS\System32\KERNELBASE.dll
0x00007ffb908d0000 - 0x00007ffb90a1c000 	C:\WINDOWS\System32\ucrtbase.dll
0x00007ffb7ed90000 - 0x00007ffb7eda9000 	C:\Program Files\Java\jdk-17\bin\jli.dll
0x00007ffb58630000 - 0x00007ffb5864b000 	C:\Program Files\Java\jdk-17\bin\VCRUNTIME140.dll
0x00007ffb926e0000 - 0x00007ffb92797000 	C:\WINDOWS\System32\ADVAPI32.dll
0x00007ffb92040000 - 0x00007ffb920e9000 	C:\WINDOWS\System32\msvcrt.dll
0x00007ffb91d80000 - 0x00007ffb91e2a000 	C:\WINDOWS\System32\sechost.dll
0x00007ffb915f0000 - 0x00007ffb91708000 	C:\WINDOWS\System32\RPCRT4.dll
0x00007ffb91e60000 - 0x00007ffb92027000 	C:\WINDOWS\System32\USER32.dll
0x00007ffb90760000 - 0x00007ffb90787000 	C:\WINDOWS\System32\win32u.dll
0x00007ffb91e30000 - 0x00007ffb91e5b000 	C:\WINDOWS\System32\GDI32.dll
0x00007ffb90630000 - 0x00007ffb90759000 	C:\WINDOWS\System32\gdi32full.dll
0x00007ffb90820000 - 0x00007ffb908c3000 	C:\WINDOWS\System32\msvcp_win.dll
0x00007ffb73200000 - 0x00007ffb73492000 	C:\WINDOWS\WinSxS\amd64_microsoft.windows.common-controls_6595b64144ccf1df_6.0.26100.8737_none_3e092eaee333b772\COMCTL32.dll
0x00007ffb84b30000 - 0x00007ffb84b3b000 	C:\WINDOWS\SYSTEM32\VERSION.dll
0x00007ffb920f0000 - 0x00007ffb92122000 	C:\WINDOWS\System32\IMM32.DLL
0x00007ffb627f0000 - 0x00007ffb627fc000 	C:\Program Files\Java\jdk-17\bin\vcruntime140_1.dll
0x00007ffb1aee0000 - 0x00007ffb1af6e000 	C:\Program Files\Java\jdk-17\bin\msvcp140.dll
0x00007ffadf6e0000 - 0x00007ffae02bf000 	C:\Program Files\Java\jdk-17\bin\server\jvm.dll
0x00007ffb92030000 - 0x00007ffb92038000 	C:\WINDOWS\System32\PSAPI.DLL
0x00007ffb650b0000 - 0x00007ffb650ba000 	C:\WINDOWS\SYSTEM32\WSOCK32.dll
0x00007ffb925c0000 - 0x00007ffb92640000 	C:\WINDOWS\System32\WS2_32.dll
0x00007ffb84d60000 - 0x00007ffb84d96000 	C:\WINDOWS\SYSTEM32\WINMM.dll
0x00007ffb8ecc0000 - 0x00007ffb8ecdb000 	C:\WINDOWS\SYSTEM32\kernel.appcore.dll
0x00007ffb51b90000 - 0x00007ffb51b9a000 	C:\Program Files\Java\jdk-17\bin\jimage.dll
0x00007ffb8d550000 - 0x00007ffb8d792000 	C:\WINDOWS\SYSTEM32\DBGHELP.DLL
0x00007ffb92960000 - 0x00007ffb92ce3000 	C:\WINDOWS\System32\combase.dll
0x00007ffb919a0000 - 0x00007ffb91a79000 	C:\WINDOWS\System32\OLEAUT32.dll
0x00007ffb69260000 - 0x00007ffb6929b000 	C:\WINDOWS\SYSTEM32\dbgcore.DLL
0x00007ffb90160000 - 0x00007ffb9020c000 	C:\WINDOWS\System32\bcryptPrimitives.dll
0x00007ffb87cd0000 - 0x00007ffb87cde000 	C:\Program Files\Java\jdk-17\bin\instrument.dll
0x00007ffb4f2a0000 - 0x00007ffb4f2c5000 	C:\Program Files\Java\jdk-17\bin\java.dll
0x00007ffb13300000 - 0x00007ffb133d7000 	C:\Program Files\Java\jdk-17\bin\jsvml.dll
0x00007ffb90bc0000 - 0x00007ffb91352000 	C:\WINDOWS\System32\SHELL32.dll
0x00007ffb8da60000 - 0x00007ffb8e2f2000 	C:\WINDOWS\SYSTEM32\windows.storage.dll
0x00007ffb91a80000 - 0x00007ffb91b77000 	C:\WINDOWS\System32\SHCORE.dll
0x00007ffb914b0000 - 0x00007ffb91517000 	C:\WINDOWS\System32\shlwapi.dll
0x00007ffb8ff00000 - 0x00007ffb8ff29000 	C:\WINDOWS\SYSTEM32\profapi.dll
0x00007ffb51240000 - 0x00007ffb51258000 	C:\Program Files\Java\jdk-17\bin\zip.dll
0x00007ffb48ce0000 - 0x00007ffb48cf9000 	C:\Program Files\Java\jdk-17\bin\net.dll
0x00007ffb7f7c0000 - 0x00007ffb7f8e9000 	C:\WINDOWS\SYSTEM32\WINHTTP.dll
0x00007ffb8f270000 - 0x00007ffb8f2dc000 	C:\WINDOWS\system32\mswsock.dll
0x00007ffb46370000 - 0x00007ffb46386000 	C:\Program Files\Java\jdk-17\bin\nio.dll
0x00007ffb48cd0000 - 0x00007ffb48cde000 	C:\Program Files\Java\jdk-17\bin\sunmscapi.dll
0x00007ffb8ffe0000 - 0x00007ffb90158000 	C:\WINDOWS\System32\CRYPT32.dll
0x00007ffb8f7b0000 - 0x00007ffb8f7e0000 	C:\WINDOWS\SYSTEM32\ncrypt.dll
0x00007ffb8f760000 - 0x00007ffb8f79f000 	C:\WINDOWS\SYSTEM32\NTASN1.dll
0x00007ffb8f570000 - 0x00007ffb8f58b000 	C:\WINDOWS\SYSTEM32\CRYPTSP.dll
0x00007ffb8ec20000 - 0x00007ffb8ec59000 	C:\WINDOWS\system32\rsaenh.dll
0x00007ffb8f330000 - 0x00007ffb8f362000 	C:\WINDOWS\SYSTEM32\USERENV.dll
0x00007ffb8fed0000 - 0x00007ffb8fefa000 	C:\WINDOWS\SYSTEM32\bcrypt.dll
0x00007ffb8f590000 - 0x00007ffb8f59c000 	C:\WINDOWS\SYSTEM32\CRYPTBASE.dll
0x00007ffb8e700000 - 0x00007ffb8e733000 	C:\WINDOWS\SYSTEM32\IPHLPAPI.DLL
0x00007ffb91520000 - 0x00007ffb9152a000 	C:\WINDOWS\System32\NSI.dll
0x00007ffb7f920000 - 0x00007ffb7f93d000 	C:\WINDOWS\SYSTEM32\dhcpcsvc6.DLL
0x00007ffb7f8f0000 - 0x00007ffb7f915000 	C:\WINDOWS\SYSTEM32\dhcpcsvc.DLL
0x00007ffb8e7e0000 - 0x00007ffb8e935000 	C:\WINDOWS\SYSTEM32\DNSAPI.dll
0x00007ffb8f050000 - 0x00007ffb8f05d000 	C:\WINDOWS\SYSTEM32\DSPARSE.dll
0x00007ffb71780000 - 0x00007ffb7178a000 	C:\Program Files\Java\jdk-17\bin\management.dll
0x00007ffb675c0000 - 0x00007ffb675cb000 	C:\Program Files\Java\jdk-17\bin\management_ext.dll
0x00007ffb87ce0000 - 0x00007ffb87cf0000 	C:\Program Files\Java\jdk-17\bin\verify.dll
0x00007ffb6d1a0000 - 0x00007ffb6d1a8000 	C:\WINDOWS\system32\wshunix.dll
0x00007ffb7ccb0000 - 0x00007ffb7ccbb000 	C:\Windows\System32\rasadhlp.dll
0x00007ffb7fbe0000 - 0x00007ffb7fc66000 	C:\WINDOWS\System32\fwpuclnt.dll

dbghelp: loaded successfully - version: 4.0.5 - missing functions: none
symbol engine: initialized successfully - sym options: 0x614 - pdb path: .;C:\Program Files\Java\jdk-17\bin;C:\WINDOWS\SYSTEM32;C:\WINDOWS\WinSxS\amd64_microsoft.windows.common-controls_6595b64144ccf1df_6.0.26100.8737_none_3e092eaee333b772;C:\Program Files\Java\jdk-17\bin\server

VM Arguments:
jvm_args: -javaagent:C:\Program Files\JetBrains\IntelliJ IDEA Community Edition 2025.2.6\lib\idea_rt.jar=65032 -Dfile.encoding=UTF-8 
java_command: com.netflix.EncodingServiceApplication
java_class_path (initial): D:\03_Projects\Netflix\encoding-service\target\classes;C:\Users\Govinda\.m2\repository\org\springframework\boot\spring-boot-starter-actuator\3.5.16\spring-boot-starter-actuator-3.5.16.jar;C:\Users\Govinda\.m2\repository\org\springframework\boot\spring-boot-starter\3.5.16\spring-boot-starter-3.5.16.jar;C:\Users\Govinda\.m2\repository\org\springframework\boot\spring-boot\3.5.16\spring-boot-3.5.16.jar;C:\Users\Govinda\.m2\repository\org\springframework\boot\spring-boot-autoconfigure\3.5.16\spring-boot-autoconfigure-3.5.16.jar;C:\Users\Govinda\.m2\repository\org\springframework\boot\spring-boot-starter-logging\3.5.16\spring-boot-starter-logging-3.5.16.jar;C:\Users\Govinda\.m2\repository\org\apache\logging\log4j\log4j-to-slf4j\2.24.3\log4j-to-slf4j-2.24.3.jar;C:\Users\Govinda\.m2\repository\org\apache\logging\log4j\log4j-api\2.24.3\log4j-api-2.24.3.jar;C:\Users\Govinda\.m2\repository\org\slf4j\jul-to-slf4j\2.0.18\jul-to-slf4j-2.0.18.jar;C:\Users\Govinda\.m2\repository\jakarta\annotation\jakarta.annotation-api\2.1.1\jakarta.annotation-api-2.1.1.jar;C:\Users\Govinda\.m2\repository\org\yaml\snakeyaml\2.4\snakeyaml-2.4.jar;C:\Users\Govinda\.m2\repository\org\springframework\boot\spring-boot-actuator-autoconfigure\3.5.16\spring-boot-actuator-autoconfigure-3.5.16.jar;C:\Users\Govinda\.m2\repository\org\springframework\boot\spring-boot-actuator\3.5.16\spring-boot-actuator-3.5.16.jar;C:\Users\Govinda\.m2\repository\com\fasterxml\jackson\datatype\jackson-datatype-jsr310\2.21.4\jackson-datatype-jsr310-2.21.4.jar;C:\Users\Govinda\.m2\repository\io\micrometer\micrometer-observation\1.15.12\micrometer-observation-1.15.12.jar;C:\Users\Govinda\.m2\repository\io\micrometer\micrometer-commons\1.15.12\micrometer-commons-1.15.12.jar;C:\Users\Govinda\.m2\repository\io\micrometer\micrometer-jakarta9\1.15.12\micrometer-jakarta9-1.15.12.jar;C:\Users\Govinda\.m2\repository\io\micrometer\micrometer-core\1.15.12\micrometer-core-1.15.12.jar;C:\Users\Govinda\.m2\reposit
Launcher Type: SUN_STANDARD

[Global flags]
     intx CICompilerCount                          = 3                                         {product} {ergonomic}
     uint ConcGCThreads                            = 1                                         {product} {ergonomic}
     uint G1ConcRefinementThreads                  = 4                                         {product} {ergonomic}
   size_t G1HeapRegionSize                         = 2097152                                   {product} {ergonomic}
    uintx GCDrainStackTargetSize                   = 64                                        {product} {ergonomic}
   size_t InitialHeapSize                          = 264241152                                 {product} {ergonomic}
   size_t MarkStackSize                            = 4194304                                   {product} {ergonomic}
   size_t MaxHeapSize                              = 4202692608                                {product} {ergonomic}
   size_t MaxNewSize                               = 2520776704                                {product} {ergonomic}
   size_t MinHeapDeltaBytes                        = 2097152                                   {product} {ergonomic}
   size_t MinHeapSize                              = 8388608                                   {product} {ergonomic}
    uintx NonNMethodCodeHeapSize                   = 5832780                                {pd product} {ergonomic}
    uintx NonProfiledCodeHeapSize                  = 122912730                              {pd product} {ergonomic}
    uintx ProfiledCodeHeapSize                     = 122912730                              {pd product} {ergonomic}
    uintx ReservedCodeCacheSize                    = 251658240                              {pd product} {ergonomic}
     bool SegmentedCodeCache                       = true                                      {product} {ergonomic}
   size_t SoftMaxHeapSize                          = 4202692608                             {manageable} {ergonomic}
     bool UseCompressedClassPointers               = true                           {product lp64_product} {ergonomic}
     bool UseCompressedOops                        = true                           {product lp64_product} {ergonomic}
     bool UseG1GC                                  = true                                      {product} {ergonomic}
     bool UseLargePagesIndividualAllocation        = false                                  {pd product} {ergonomic}

Logging:
Log output configuration:
 #0: stdout all=warning uptime,level,tags
 #1: stderr all=off uptime,level,tags

Environment Variables:
PATH=C:\Program Files\Common Files\Oracle\Java\javapath;C:\WINDOWS\system32;C:\WINDOWS;C:\WINDOWS\System32\Wbem;C:\WINDOWS\System32\WindowsPowerShell\v1.0\;C:\WINDOWS\System32\OpenSSH\;C:\Program Files\Microsoft SQL Server\120\Tools\Binn\;C:\MinGW\bin;C:\Program Files\MongoDB\Server\7.0\bin;C:\ProgramData\chocolatey\bin;C:\Users\Govinda\AppData\Local\Android\Sdk\platform-tools;C:\Program Files\Java\jdk-17\bin;C:\Program Files (x86)\Microsoft SQL Server\160\Tools\Binn\;C:\Program Files\Microsoft SQL Server\160\Tools\Binn\;C:\Program Files\Microsoft SQL Server\Client SDK\ODBC\170\Tools\Binn\;C:\Program Files\Microsoft SQL Server\160\DTS\Binn\;C:\Program Files (x86)\Microsoft SQL Server\160\DTS\Binn\;C:\Program Files\Git\cmd;C:\Users\Govinda\AppData\Local\Android\Sdk;C:\Users\Govinda\AppData\Local\Programs\Python\Python39\Scripts\;C:\Users\Govinda\AppData\Local\Programs\Python\Python39\;C:\Users\Govinda\AppData\Local\Microsoft\WindowsApps;C:\Users\Govinda\AppData\Local\Programs\Microsoft VS Code\bin;C:\Program Files (x86)\mingw-w64\i686-8.1.0-posix-dwarf-rt_v6-rev0\mingw32\bin;C:\Program Files\mongosh\;C:\Program Files\JetBrains\IntelliJ IDEA 2023.3.3\bin;C:\Users\Govinda\AppData\Roaming\npm;C:\Users\Govinda\AppData\Local\Android\Sdk\emulator;C:\Users\Govinda\AppData\Local\Android\Sdk\tools;C:\Users\Govinda\AppData\Local\Android\Sdk\tools\bin;D:\Dart\dartsdk-windows-ia32-release\dart-sdk\bin;D:\Flutter Development\flutter\bin;C:\Users\Govinda\.pub-cache\bin;C:\WINDOWS\system32;C:\WINDOWS;C:\WINDOWS\System32\Wbem;C:\WINDOWS\System32\WindowsPowerShell\v1.0\;C:\WINDOWS\System32\OpenSSH\;C:\Program Files\Redis;C:\Program Files\k6\;C:\Program Files\nodejs\;C:\Program Files\MySQL\MySQL Server 8.0\bin;;C:\Program Files\Docker\Docker\resources\bin;C:\Program Files (x86)\Windows Kits\10\Windows Performance Toolkit\;C:\Users\Govinda\AppData\Local\Programs\Python\Python314\Scripts\;C:\Users\Govinda\AppData\Local\Programs\Python\Python314\;C:\Users\Govinda\AppData\Local\Programs\Pyth
USERNAME=Govinda
OS=Windows_NT
PROCESSOR_IDENTIFIER=Intel64 Family 6 Model 140 Stepping 1, GenuineIntel



---------------  S Y S T E M  ---------------

OS:
 Windows 11 , 64 bit Build 26100 (10.0.26100.8737)
OS uptime: 0 days 10:08 hours
Hyper-V role detected

CPU: total 4 (initial active 4) (2 cores per cpu, 2 threads per core) family 6 model 140 stepping 1 microcode 0xaa, cx8, cmov, fxsr, ht, mmx, 3dnowpref, sse, sse2, sse3, ssse3, sse4.1, sse4.2, popcnt, lzcnt, tsc, tscinvbit, avx, avx2, aes, erms, clmul, bmi1, bmi2, adx, avx512f, avx512dq, avx512cd, avx512bw, avx512vl, sha, fma, vzeroupper, avx512_vpopcntdq, avx512_vpclmulqdq, avx512_vaes, avx512_vnni, clflush, clflushopt, clwb, avx512_vbmi2, avx512_vbmi, hv

Memory: 4k page, system-wide physical 16026M (1850M free)
TotalPageFile size 24218M (AvailPageFile size 6M)
current process WorkingSet (physical memory assigned to process): 149M, peak: 266M
current process commit charge ("private bytes"): 280M, peak: 394M

vm_info: Java HotSpot(TM) 64-Bit Server VM (17.0.10+11-LTS-240) for windows-amd64 JRE (17.0.10+11-LTS-240), built on Dec 19 2023 21:47:25 by "mach5one" with MS VC++ 17.1 (VS2022)

END.
